android/app/build/intermediates/manifest_merge_blame_file/release/manifest-merger-blame-release-report.txt
1<?xml version="1.0" encoding="utf-8"?>
2<manifest xmlns:android="http://schemas.android.com/apk/res/android"
3    package="com.closetosatiety"
4    android:versionCode="1"
5    android:versionName="1.0" >
6
7    <uses-sdk
8        android:minSdkVersion="21"
8-->src\main\AndroidManifest.xml
9        android:targetSdkVersion="31" />
9-->src\main\AndroidManifest.xml
10
11    <uses-permission android:name="android.permission.INTERNET" />
11-->src\main\AndroidManifest.xml:4:5-67
11-->src\main\AndroidManifest.xml:4:22-64
12    <uses-permission android:name="android.permission.ACCESS_COARSE_LOCATION" />
12-->src\main\AndroidManifest.xml:5:5-81
12-->src\main\AndroidManifest.xml:5:22-78
13    <uses-permission android:name="android.permission.ACCESS_FINE_LOCATION" />
13-->src\main\AndroidManifest.xml:6:5-79
13-->src\main\AndroidManifest.xml:6:22-76
14    <uses-permission android:name="android.permission.WAKE_LOCK" />
14-->[:react-native-firebase_auth] AndroidManifest.xml:10:5-68
14-->[:react-native-firebase_auth] AndroidManifest.xml:10:22-65
15    <uses-permission android:name="android.permission.ACCESS_NETWORK_STATE" />
15-->[:react-native-firebase_auth] AndroidManifest.xml:11:5-79
15-->[:react-native-firebase_auth] AndroidManifest.xml:11:22-76
16
17    <uses-feature
17-->[com.google.android.gms:play-services-maps:18.0.2] AndroidManifest.xml:26:5-28:35
18        android:glEsVersion="0x00020000"
18-->[com.google.android.gms:play-services-maps:18.0.2] AndroidManifest.xml:27:9-41
19        android:required="true" />
19-->[com.google.android.gms:play-services-maps:18.0.2] AndroidManifest.xml:28:9-32
20
21    <queries>
21-->[com.google.android.gms:play-services-maps:18.0.2] AndroidManifest.xml:30:5-34:15
22
23        <!-- Needs to be explicitly declared on Android R+ -->
24        <package android:name="com.google.android.apps.maps" />
24-->[com.google.android.gms:play-services-maps:18.0.2] AndroidManifest.xml:33:9-64
24-->[com.google.android.gms:play-services-maps:18.0.2] AndroidManifest.xml:33:18-61
25    </queries>
26
27    <uses-permission android:name="android.permission.RECEIVE_BOOT_COMPLETED" />
27-->[androidx.work:work-runtime:2.7.1] AndroidManifest.xml:27:5-81
27-->[androidx.work:work-runtime:2.7.1] AndroidManifest.xml:27:22-78
28    <uses-permission android:name="android.permission.FOREGROUND_SERVICE" />
28-->[androidx.work:work-runtime:2.7.1] AndroidManifest.xml:28:5-77
28-->[androidx.work:work-runtime:2.7.1] AndroidManifest.xml:28:22-74
29
30    <application
30-->src\main\AndroidManifest.xml:7:5-29:19
31        android:name="com.closetosatiety.MainApplication"
31-->src\main\AndroidManifest.xml:8:7-38
32        android:allowBackup="false"
32-->src\main\AndroidManifest.xml:12:7-34
33        android:appComponentFactory="androidx.core.app.CoreComponentFactory"
33-->[androidx.core:core:1.7.0] AndroidManifest.xml:24:18-86
34        android:icon="@mipmap/ic_launcher"
34-->src\main\AndroidManifest.xml:10:7-41
35        android:label="@string/app_name"
35-->src\main\AndroidManifest.xml:9:7-39
36        android:roundIcon="@mipmap/ic_launcher_round"
36-->src\main\AndroidManifest.xml:11:7-52
37        android:theme="@style/AppTheme" >
37-->src\main\AndroidManifest.xml:13:7-38
38        <meta-data
38-->src\main\AndroidManifest.xml:14:7-16:66
39            android:name="com.google.android.geo.API_KEY"
39-->src\main\AndroidManifest.xml:15:9-54
40            android:value="AIzaSyCFLYC0F7HlhhqUHaCBx6TNttnoiC7cVuk" />
40-->src\main\AndroidManifest.xml:16:9-64
41
42        <activity
42-->src\main\AndroidManifest.xml:17:7-28:18
43            android:name="com.closetosatiety.MainActivity"
43-->src\main\AndroidManifest.xml:18:9-37
44            android:configChanges="keyboard|keyboardHidden|orientation|screenLayout|screenSize|smallestScreenSize|uiMode"
44-->src\main\AndroidManifest.xml:20:9-118
45            android:exported="true"
45-->src\main\AndroidManifest.xml:23:9-32
46            android:label="@string/app_name"
46-->src\main\AndroidManifest.xml:19:9-41
47            android:launchMode="singleTask"
47-->src\main\AndroidManifest.xml:21:9-40
48            android:windowSoftInputMode="adjustPan" >
48-->src\main\AndroidManifest.xml:22:9-48
49            <intent-filter>
49-->src\main\AndroidManifest.xml:24:9-27:25
50                <action android:name="android.intent.action.MAIN" />
50-->src\main\AndroidManifest.xml:25:13-65
50-->src\main\AndroidManifest.xml:25:21-62
51
52                <category android:name="android.intent.category.LAUNCHER" />
52-->src\main\AndroidManifest.xml:26:13-73
52-->src\main\AndroidManifest.xml:26:23-70
53            </intent-filter>
54        </activity>
55
56        <meta-data
56-->[:react-native-firebase_app] AndroidManifest.xml:11:9-13:36
57            android:name="app_data_collection_default_enabled"
57-->[:react-native-firebase_app] AndroidManifest.xml:12:13-63
58            android:value="true" />
58-->[:react-native-firebase_app] AndroidManifest.xml:13:13-33
59
60        <service
60-->[:react-native-firebase_app] AndroidManifest.xml:15:9-23:19
61            android:name="com.google.firebase.components.ComponentDiscoveryService"
61-->[:react-native-firebase_app] AndroidManifest.xml:16:13-84
62            android:directBootAware="true"
62-->[:react-native-firebase_app] AndroidManifest.xml:17:13-43
63            android:exported="false" >
63-->[:react-native-firebase_app] AndroidManifest.xml:18:13-37
64            <meta-data
64-->[:react-native-firebase_app] AndroidManifest.xml:20:13-22:85
65                android:name="com.google.firebase.components:io.invertase.firebase.app.ReactNativeFirebaseAppRegistrar"
65-->[:react-native-firebase_app] AndroidManifest.xml:21:17-120
66                android:value="com.google.firebase.components.ComponentRegistrar" />
66-->[:react-native-firebase_app] AndroidManifest.xml:22:17-82
67            <meta-data
67-->[com.google.firebase:firebase-firestore:24.6.1] AndroidManifest.xml:19:13-21:85
68                android:name="com.google.firebase.components:com.google.firebase.firestore.FirestoreRegistrar"
68-->[com.google.firebase:firebase-firestore:24.6.1] AndroidManifest.xml:20:17-111
69                android:value="com.google.firebase.components.ComponentRegistrar" />
69-->[com.google.firebase:firebase-firestore:24.6.1] AndroidManifest.xml:21:17-82
70            <meta-data
70-->[com.google.firebase:firebase-auth:22.0.0] AndroidManifest.xml:69:13-71:85
71                android:name="com.google.firebase.components:com.google.firebase.auth.FirebaseAuthRegistrar"
71-->[com.google.firebase:firebase-auth:22.0.0] AndroidManifest.xml:70:17-109
72                android:value="com.google.firebase.components.ComponentRegistrar" />
72-->[com.google.firebase:firebase-auth:22.0.0] AndroidManifest.xml:71:17-82
73        </service>
74
75        <provider
75-->[:react-native-firebase_app] AndroidManifest.xml:25:9-29:38
76            android:name="io.invertase.firebase.app.ReactNativeFirebaseAppInitProvider"
76-->[:react-native-firebase_app] AndroidManifest.xml:26:13-88
77            android:authorities="com.closetosatiety.reactnativefirebaseappinitprovider"
77-->[:react-native-firebase_app] AndroidManifest.xml:27:13-86
78            android:exported="false"
78-->[:react-native-firebase_app] AndroidManifest.xml:28:13-37
79            android:initOrder="99" />
79-->[:react-native-firebase_app] AndroidManifest.xml:29:13-35
80
81        <activity
81-->[com.google.firebase:firebase-auth:22.0.0] AndroidManifest.xml:29:9-46:20
82            android:name="com.google.firebase.auth.internal.GenericIdpActivity"
82-->[com.google.firebase:firebase-auth:22.0.0] AndroidManifest.xml:30:13-80
83            android:excludeFromRecents="true"
83-->[com.google.firebase:firebase-auth:22.0.0] AndroidManifest.xml:31:13-46
84            android:exported="true"
84-->[com.google.firebase:firebase-auth:22.0.0] AndroidManifest.xml:32:13-36
85            android:launchMode="singleTask"
85-->[com.google.firebase:firebase-auth:22.0.0] AndroidManifest.xml:33:13-44
86            android:theme="@android:style/Theme.Translucent.NoTitleBar" >
86-->[com.google.firebase:firebase-auth:22.0.0] AndroidManifest.xml:34:13-72
87            <intent-filter>
87-->[com.google.firebase:firebase-auth:22.0.0] AndroidManifest.xml:35:13-45:29
88                <action android:name="android.intent.action.VIEW" />
88-->[com.google.firebase:firebase-auth:22.0.0] AndroidManifest.xml:36:17-69
88-->[com.google.firebase:firebase-auth:22.0.0] AndroidManifest.xml:36:25-66
89
90                <category android:name="android.intent.category.DEFAULT" />
90-->[com.google.firebase:firebase-auth:22.0.0] AndroidManifest.xml:38:17-76
90-->[com.google.firebase:firebase-auth:22.0.0] AndroidManifest.xml:38:27-73
91                <category android:name="android.intent.category.BROWSABLE" />
91-->[com.google.firebase:firebase-auth:22.0.0] AndroidManifest.xml:39:17-78
91-->[com.google.firebase:firebase-auth:22.0.0] AndroidManifest.xml:39:27-75
92
93                <data
93-->[com.google.firebase:firebase-auth:22.0.0] AndroidManifest.xml:41:17-44:51
94                    android:host="firebase.auth"
94-->[com.google.firebase:firebase-auth:22.0.0] AndroidManifest.xml:42:21-49
95                    android:path="/"
95-->[com.google.firebase:firebase-auth:22.0.0] AndroidManifest.xml:43:21-37
96                    android:scheme="genericidp" />
96-->[com.google.firebase:firebase-auth:22.0.0] AndroidManifest.xml:44:21-48
97            </intent-filter>
98        </activity>
99        <activity
99-->[com.google.firebase:firebase-auth:22.0.0] AndroidManifest.xml:47:9-64:20
100            android:name="com.google.firebase.auth.internal.RecaptchaActivity"
100-->[com.google.firebase:firebase-auth:22.0.0] AndroidManifest.xml:48:13-79
101            android:excludeFromRecents="true"
101-->[com.google.firebase:firebase-auth:22.0.0] AndroidManifest.xml:49:13-46
102            android:exported="true"
102-->[com.google.firebase:firebase-auth:22.0.0] AndroidManifest.xml:50:13-36
103            android:launchMode="singleTask"
103-->[com.google.firebase:firebase-auth:22.0.0] AndroidManifest.xml:51:13-44
104            android:theme="@android:style/Theme.Translucent.NoTitleBar" >
104-->[com.google.firebase:firebase-auth:22.0.0] AndroidManifest.xml:52:13-72
105            <intent-filter>
105-->[com.google.firebase:firebase-auth:22.0.0] AndroidManifest.xml:53:13-63:29
106                <action android:name="android.intent.action.VIEW" />
106-->[com.google.firebase:firebase-auth:22.0.0] AndroidManifest.xml:36:17-69
106-->[com.google.firebase:firebase-auth:22.0.0] AndroidManifest.xml:36:25-66
107
108                <category android:name="android.intent.category.DEFAULT" />
108-->[com.google.firebase:firebase-auth:22.0.0] AndroidManifest.xml:38:17-76
108-->[com.google.firebase:firebase-auth:22.0.0] AndroidManifest.xml:38:27-73
109                <category android:name="android.intent.category.BROWSABLE" />
109-->[com.google.firebase:firebase-auth:22.0.0] AndroidManifest.xml:39:17-78
109-->[com.google.firebase:firebase-auth:22.0.0] AndroidManifest.xml:39:27-75
110
111                <data
111-->[com.google.firebase:firebase-auth:22.0.0] AndroidManifest.xml:41:17-44:51
112                    android:host="firebase.auth"
112-->[com.google.firebase:firebase-auth:22.0.0] AndroidManifest.xml:42:21-49
113                    android:path="/"
113-->[com.google.firebase:firebase-auth:22.0.0] AndroidManifest.xml:43:21-37
114                    android:scheme="recaptcha" />
114-->[com.google.firebase:firebase-auth:22.0.0] AndroidManifest.xml:44:21-48
115            </intent-filter>
116        </activity>
117
118        <provider
118-->[com.google.firebase:firebase-common:20.3.2] AndroidManifest.xml:25:9-30:39
119            android:name="com.google.firebase.provider.FirebaseInitProvider"
119-->[com.google.firebase:firebase-common:20.3.2] AndroidManifest.xml:26:13-77
120            android:authorities="com.closetosatiety.firebaseinitprovider"
120-->[com.google.firebase:firebase-common:20.3.2] AndroidManifest.xml:27:13-72
121            android:directBootAware="true"
121-->[com.google.firebase:firebase-common:20.3.2] AndroidManifest.xml:28:13-43
122            android:exported="false"
122-->[com.google.firebase:firebase-common:20.3.2] AndroidManifest.xml:29:13-37
123            android:initOrder="100" />
123-->[com.google.firebase:firebase-common:20.3.2] AndroidManifest.xml:30:13-36
124
125        <activity
125-->[com.google.android.gms:play-services-auth:20.5.0] AndroidManifest.xml:23:9-27:75
126            android:name="com.google.android.gms.auth.api.signin.internal.SignInHubActivity"
126-->[com.google.android.gms:play-services-auth:20.5.0] AndroidManifest.xml:24:13-93
127            android:excludeFromRecents="true"
127-->[com.google.android.gms:play-services-auth:20.5.0] AndroidManifest.xml:25:13-46
128            android:exported="false"
128-->[com.google.android.gms:play-services-auth:20.5.0] AndroidManifest.xml:26:13-37
129            android:theme="@android:style/Theme.Translucent.NoTitleBar" />
129-->[com.google.android.gms:play-services-auth:20.5.0] AndroidManifest.xml:27:13-72
130        <!--
131            Service handling Google Sign-In user revocation. For apps that do not integrate with
132            Google Sign-In, this service will never be started.
133        -->
134        <service
134-->[com.google.android.gms:play-services-auth:20.5.0] AndroidManifest.xml:33:9-37:51
135            android:name="com.google.android.gms.auth.api.signin.RevocationBoundService"
135-->[com.google.android.gms:play-services-auth:20.5.0] AndroidManifest.xml:34:13-89
136            android:exported="true"
136-->[com.google.android.gms:play-services-auth:20.5.0] AndroidManifest.xml:35:13-36
137            android:permission="com.google.android.gms.auth.api.signin.permission.REVOCATION_NOTIFICATION"
137-->[com.google.android.gms:play-services-auth:20.5.0] AndroidManifest.xml:36:13-107
138            android:visibleToInstantApps="true" /> <!-- Needs to be explicitly declared on P+ -->
138-->[com.google.android.gms:play-services-auth:20.5.0] AndroidManifest.xml:37:13-48
139        <uses-library
139-->[com.google.android.gms:play-services-maps:18.0.2] AndroidManifest.xml:39:9-41:40
140            android:name="org.apache.http.legacy"
140-->[com.google.android.gms:play-services-maps:18.0.2] AndroidManifest.xml:40:13-50
141            android:required="false" />
141-->[com.google.android.gms:play-services-maps:18.0.2] AndroidManifest.xml:41:13-37
142
143        <activity
143-->[com.google.android.gms:play-services-base:18.1.0] AndroidManifest.xml:20:9-22:45
144            android:name="com.google.android.gms.common.api.GoogleApiActivity"
144-->[com.google.android.gms:play-services-base:18.1.0] AndroidManifest.xml:20:19-85
145            android:exported="false"
145-->[com.google.android.gms:play-services-base:18.1.0] AndroidManifest.xml:22:19-43
146            android:theme="@android:style/Theme.Translucent.NoTitleBar" />
146-->[com.google.android.gms:play-services-base:18.1.0] AndroidManifest.xml:21:19-78
147
148        <provider
148-->[androidx.work:work-runtime:2.7.1] AndroidManifest.xml:31:9-39:20
149            android:name="androidx.startup.InitializationProvider"
149-->[androidx.work:work-runtime:2.7.1] AndroidManifest.xml:32:13-67
150            android:authorities="com.closetosatiety.androidx-startup"
150-->[androidx.work:work-runtime:2.7.1] AndroidManifest.xml:33:13-68
151            android:exported="false" >
151-->[androidx.work:work-runtime:2.7.1] AndroidManifest.xml:34:13-37
152            <meta-data
152-->[androidx.work:work-runtime:2.7.1] AndroidManifest.xml:36:13-38:52
153                android:name="androidx.work.WorkManagerInitializer"
153-->[androidx.work:work-runtime:2.7.1] AndroidManifest.xml:37:17-68
154                android:value="androidx.startup" />
154-->[androidx.work:work-runtime:2.7.1] AndroidManifest.xml:38:17-49
155            <meta-data
155-->[androidx.emoji2:emoji2:1.0.0] AndroidManifest.xml:31:13-33:52
156                android:name="androidx.emoji2.text.EmojiCompatInitializer"
156-->[androidx.emoji2:emoji2:1.0.0] AndroidManifest.xml:32:17-75
157                android:value="androidx.startup" />
157-->[androidx.emoji2:emoji2:1.0.0] AndroidManifest.xml:33:17-49
158            <meta-data
158-->[androidx.lifecycle:lifecycle-process:2.4.0] AndroidManifest.xml:31:13-33:52
159                android:name="androidx.lifecycle.ProcessLifecycleInitializer"
159-->[androidx.lifecycle:lifecycle-process:2.4.0] AndroidManifest.xml:32:17-78
160                android:value="androidx.startup" />
160-->[androidx.lifecycle:lifecycle-process:2.4.0] AndroidManifest.xml:33:17-49
161        </provider>
162
163        <service
163-->[androidx.work:work-runtime:2.7.1] AndroidManifest.xml:41:9-46:35
164            android:name="androidx.work.impl.background.systemalarm.SystemAlarmService"
164-->[androidx.work:work-runtime:2.7.1] AndroidManifest.xml:42:13-88
165            android:directBootAware="false"
165-->[androidx.work:work-runtime:2.7.1] AndroidManifest.xml:43:13-44
166            android:enabled="@bool/enable_system_alarm_service_default"
166-->[androidx.work:work-runtime:2.7.1] AndroidManifest.xml:44:13-72
167            android:exported="false" />
167-->[androidx.work:work-runtime:2.7.1] AndroidManifest.xml:45:13-37
168        <service
168-->[androidx.work:work-runtime:2.7.1] AndroidManifest.xml:47:9-53:35
169            android:name="androidx.work.impl.background.systemjob.SystemJobService"
169-->[androidx.work:work-runtime:2.7.1] AndroidManifest.xml:48:13-84
170            android:directBootAware="false"
170-->[androidx.work:work-runtime:2.7.1] AndroidManifest.xml:49:13-44
171            android:enabled="@bool/enable_system_job_service_default"
171-->[androidx.work:work-runtime:2.7.1] AndroidManifest.xml:50:13-70
172            android:exported="true"
172-->[androidx.work:work-runtime:2.7.1] AndroidManifest.xml:51:13-36
173            android:permission="android.permission.BIND_JOB_SERVICE" />
173-->[androidx.work:work-runtime:2.7.1] AndroidManifest.xml:52:13-69
174        <service
174-->[androidx.work:work-runtime:2.7.1] AndroidManifest.xml:54:9-59:35
175            android:name="androidx.work.impl.foreground.SystemForegroundService"
175-->[androidx.work:work-runtime:2.7.1] AndroidManifest.xml:55:13-81
176            android:directBootAware="false"
176-->[androidx.work:work-runtime:2.7.1] AndroidManifest.xml:56:13-44
177            android:enabled="@bool/enable_system_foreground_service_default"
177-->[androidx.work:work-runtime:2.7.1] AndroidManifest.xml:57:13-77
178            android:exported="false" />
178-->[androidx.work:work-runtime:2.7.1] AndroidManifest.xml:58:13-37
179
180        <receiver
180-->[androidx.work:work-runtime:2.7.1] AndroidManifest.xml:61:9-66:35
181            android:name="androidx.work.impl.utils.ForceStopRunnable$BroadcastReceiver"
181-->[androidx.work:work-runtime:2.7.1] AndroidManifest.xml:62:13-88
182            android:directBootAware="false"
182-->[androidx.work:work-runtime:2.7.1] AndroidManifest.xml:63:13-44
183            android:enabled="true"
183-->[androidx.work:work-runtime:2.7.1] AndroidManifest.xml:64:13-35
184            android:exported="false" />
184-->[androidx.work:work-runtime:2.7.1] AndroidManifest.xml:65:13-37
185        <receiver
185-->[androidx.work:work-runtime:2.7.1] AndroidManifest.xml:67:9-77:20
186            android:name="androidx.work.impl.background.systemalarm.ConstraintProxy$BatteryChargingProxy"
186-->[androidx.work:work-runtime:2.7.1] AndroidManifest.xml:68:13-106
187            android:directBootAware="false"
187-->[androidx.work:work-runtime:2.7.1] AndroidManifest.xml:69:13-44
188            android:enabled="false"
188-->[androidx.work:work-runtime:2.7.1] AndroidManifest.xml:70:13-36
189            android:exported="false" >
189-->[androidx.work:work-runtime:2.7.1] AndroidManifest.xml:71:13-37
190            <intent-filter>
190-->[androidx.work:work-runtime:2.7.1] AndroidManifest.xml:73:13-76:29
191                <action android:name="android.intent.action.ACTION_POWER_CONNECTED" />
191-->[androidx.work:work-runtime:2.7.1] AndroidManifest.xml:74:17-87
191-->[androidx.work:work-runtime:2.7.1] AndroidManifest.xml:74:25-84
192                <action android:name="android.intent.action.ACTION_POWER_DISCONNECTED" />
192-->[androidx.work:work-runtime:2.7.1] AndroidManifest.xml:75:17-90
192-->[androidx.work:work-runtime:2.7.1] AndroidManifest.xml:75:25-87
193            </intent-filter>
194        </receiver>
195        <receiver
195-->[androidx.work:work-runtime:2.7.1] AndroidManifest.xml:78:9-88:20
196            android:name="androidx.work.impl.background.systemalarm.ConstraintProxy$BatteryNotLowProxy"
196-->[androidx.work:work-runtime:2.7.1] AndroidManifest.xml:79:13-104
197            android:directBootAware="false"
197-->[androidx.work:work-runtime:2.7.1] AndroidManifest.xml:80:13-44
198            android:enabled="false"
198-->[androidx.work:work-runtime:2.7.1] AndroidManifest.xml:81:13-36
199            android:exported="false" >
199-->[androidx.work:work-runtime:2.7.1] AndroidManifest.xml:82:13-37
200            <intent-filter>
200-->[androidx.work:work-runtime:2.7.1] AndroidManifest.xml:84:13-87:29
201                <action android:name="android.intent.action.BATTERY_OKAY" />
201-->[androidx.work:work-runtime:2.7.1] AndroidManifest.xml:85:17-77
201-->[androidx.work:work-runtime:2.7.1] AndroidManifest.xml:85:25-74
202                <action android:name="android.intent.action.BATTERY_LOW" />
202-->[androidx.work:work-runtime:2.7.1] AndroidManifest.xml:86:17-76
202-->[androidx.work:work-runtime:2.7.1] AndroidManifest.xml:86:25-73
203            </intent-filter>
204        </receiver>
205        <receiver
205-->[androidx.work:work-runtime:2.7.1] AndroidManifest.xml:89:9-99:20
206            android:name="androidx.work.impl.background.systemalarm.ConstraintProxy$StorageNotLowProxy"
206-->[androidx.work:work-runtime:2.7.1] AndroidManifest.xml:90:13-104
207            android:directBootAware="false"
207-->[androidx.work:work-runtime:2.7.1] AndroidManifest.xml:91:13-44
208            android:enabled="false"
208-->[androidx.work:work-runtime:2.7.1] AndroidManifest.xml:92:13-36
209            android:exported="false" >
209-->[androidx.work:work-runtime:2.7.1] AndroidManifest.xml:93:13-37
210            <intent-filter>
210-->[androidx.work:work-runtime:2.7.1] AndroidManifest.xml:95:13-98:29
211                <action android:name="android.intent.action.DEVICE_STORAGE_LOW" />
211-->[androidx.work:work-runtime:2.7.1] AndroidManifest.xml:96:17-83
211-->[androidx.work:work-runtime:2.7.1] AndroidManifest.xml:96:25-80
212                <action android:name="android.intent.action.DEVICE_STORAGE_OK" />
212-->[androidx.work:work-runtime:2.7.1] AndroidManifest.xml:97:17-82
212-->[androidx.work:work-runtime:2.7.1] AndroidManifest.xml:97:25-79
213            </intent-filter>
214        </receiver>
215        <receiver
215-->[androidx.work:work-runtime:2.7.1] AndroidManifest.xml:100:9-109:20
216            android:name="androidx.work.impl.background.systemalarm.ConstraintProxy$NetworkStateProxy"
216-->[androidx.work:work-runtime:2.7.1] AndroidManifest.xml:101:13-103
217            android:directBootAware="false"
217-->[androidx.work:work-runtime:2.7.1] AndroidManifest.xml:102:13-44
218            android:enabled="false"
218-->[androidx.work:work-runtime:2.7.1] AndroidManifest.xml:103:13-36
219            android:exported="false" >
219-->[androidx.work:work-runtime:2.7.1] AndroidManifest.xml:104:13-37
220            <intent-filter>
220-->[androidx.work:work-runtime:2.7.1] AndroidManifest.xml:106:13-108:29
221                <action android:name="android.net.conn.CONNECTIVITY_CHANGE" />
221-->[androidx.work:work-runtime:2.7.1] AndroidManifest.xml:107:17-79
221-->[androidx.work:work-runtime:2.7.1] AndroidManifest.xml:107:25-76
222            </intent-filter>
223        </receiver>
224        <receiver
224-->[androidx.work:work-runtime:2.7.1] AndroidManifest.xml:110:9-121:20
225            android:name="androidx.work.impl.background.systemalarm.RescheduleReceiver"
225-->[androidx.work:work-runtime:2.7.1] AndroidManifest.xml:111:13-88
226            android:directBootAware="false"
226-->[androidx.work:work-runtime:2.7.1] AndroidManifest.xml:112:13-44
227            android:enabled="false"
227-->[androidx.work:work-runtime:2.7.1] AndroidManifest.xml:113:13-36
228            android:exported="false" >
228-->[androidx.work:work-runtime:2.7.1] AndroidManifest.xml:114:13-37
229            <intent-filter>
229-->[androidx.work:work-runtime:2.7.1] AndroidManifest.xml:116:13-120:29
230                <action android:name="android.intent.action.BOOT_COMPLETED" />
230-->[androidx.work:work-runtime:2.7.1] AndroidManifest.xml:117:17-79
230-->[androidx.work:work-runtime:2.7.1] AndroidManifest.xml:117:25-76
231                <action android:name="android.intent.action.TIME_SET" />
231-->[androidx.work:work-runtime:2.7.1] AndroidManifest.xml:118:17-73
231-->[androidx.work:work-runtime:2.7.1] AndroidManifest.xml:118:25-70
232                <action android:name="android.intent.action.TIMEZONE_CHANGED" />
232-->[androidx.work:work-runtime:2.7.1] AndroidManifest.xml:119:17-81
232-->[androidx.work:work-runtime:2.7.1] AndroidManifest.xml:119:25-78
233            </intent-filter>
234        </receiver>
235        <receiver
235-->[androidx.work:work-runtime:2.7.1] AndroidManifest.xml:122:9-131:20
236            android:name="androidx.work.impl.background.systemalarm.ConstraintProxyUpdateReceiver"
236-->[androidx.work:work-runtime:2.7.1] AndroidManifest.xml:123:13-99
237            android:directBootAware="false"
237-->[androidx.work:work-runtime:2.7.1] AndroidManifest.xml:124:13-44
238            android:enabled="@bool/enable_system_alarm_service_default"
238-->[androidx.work:work-runtime:2.7.1] AndroidManifest.xml:125:13-72
239            android:exported="false" >
239-->[androidx.work:work-runtime:2.7.1] AndroidManifest.xml:126:13-37
240            <intent-filter>
240-->[androidx.work:work-runtime:2.7.1] AndroidManifest.xml:128:13-130:29
241                <action android:name="androidx.work.impl.background.systemalarm.UpdateProxies" />
241-->[androidx.work:work-runtime:2.7.1] AndroidManifest.xml:129:17-98
241-->[androidx.work:work-runtime:2.7.1] AndroidManifest.xml:129:25-95
242            </intent-filter>
243        </receiver>
244        <receiver
244-->[androidx.work:work-runtime:2.7.1] AndroidManifest.xml:132:9-142:20
245            android:name="androidx.work.impl.diagnostics.DiagnosticsReceiver"
245-->[androidx.work:work-runtime:2.7.1] AndroidManifest.xml:133:13-78
246            android:directBootAware="false"
246-->[androidx.work:work-runtime:2.7.1] AndroidManifest.xml:134:13-44
247            android:enabled="true"
247-->[androidx.work:work-runtime:2.7.1] AndroidManifest.xml:135:13-35
248            android:exported="true"
248-->[androidx.work:work-runtime:2.7.1] AndroidManifest.xml:136:13-36
249            android:permission="android.permission.DUMP" >
249-->[androidx.work:work-runtime:2.7.1] AndroidManifest.xml:137:13-57
250            <intent-filter>
250-->[androidx.work:work-runtime:2.7.1] AndroidManifest.xml:139:13-141:29
251                <action android:name="androidx.work.diagnostics.REQUEST_DIAGNOSTICS" />
251-->[androidx.work:work-runtime:2.7.1] AndroidManifest.xml:140:17-88
251-->[androidx.work:work-runtime:2.7.1] AndroidManifest.xml:140:25-85
252            </intent-filter>
253        </receiver>
254
255        <meta-data
255-->[com.google.android.gms:play-services-basement:18.2.0] AndroidManifest.xml:21:9-23:69
256            android:name="com.google.android.gms.version"
256-->[com.google.android.gms:play-services-basement:18.2.0] AndroidManifest.xml:22:13-58
257            android:value="@integer/google_play_services_version" />
257-->[com.google.android.gms:play-services-basement:18.2.0] AndroidManifest.xml:23:13-66
258
259        <service
259-->[androidx.room:room-runtime:2.2.5] AndroidManifest.xml:25:9-28:40
260            android:name="androidx.room.MultiInstanceInvalidationService"
260-->[androidx.room:room-runtime:2.2.5] AndroidManifest.xml:26:13-74
261            android:directBootAware="true"
261-->[androidx.room:room-runtime:2.2.5] AndroidManifest.xml:27:13-43
262            android:exported="false" />
262-->[androidx.room:room-runtime:2.2.5] AndroidManifest.xml:28:13-37
263    </application>
264
265</manifest>